0 info it worked if it ends with ok
1 verbose cli [ 'E:\\Program Files\\nodejs\\node.exe',
1 verbose cli   'E:\\Program Files\\nodejs\\node_modules\\npm\\bin\\npm-cli.js',
1 verbose cli   'run',
1 verbose cli   'dev' ]
2 info using npm@3.8.6
3 info using node@v6.1.0
4 verbose run-script [ 'predev', 'dev', 'postdev' ]
5 info lifecycle vue-loader-demo@1.0.0~predev: vue-loader-demo@1.0.0
6 silly lifecycle vue-loader-demo@1.0.0~predev: no script for predev, continuing
7 info lifecycle vue-loader-demo@1.0.0~dev: vue-loader-demo@1.0.0
8 verbose lifecycle vue-loader-demo@1.0.0~dev: unsafe-perm in lifecycle true
9 verbose lifecycle vue-loader-demo@1.0.0~dev: PATH: E:\Program Files\nodejs\node_modules\npm\bin\node-gyp-bin;E:\phpStudy\WWW\vuelearn\20171022\vue-loader01\node_modules\.bin;E:\Program Files\nodejs;C:\Users\Admin\bin;C:\Program Files\Git\mingw64\bin;C:\Program Files\Git\usr\local\bin;C:\Program Files\Git\usr\bin;C:\Program Files\Git\usr\bin;C:\Program Files\Git\mingw64\bin;C:\Program Files\Git\usr\bin;C:\Users\Admin\bin;C:\Program Files (x86)\Intel\iCLS Client;C:\Program Files\Intel\iCLS Client;C:\Windows\system32;C:\Windows;C:\Windows\System32\Wbem;C:\Windows\System32\WindowsPowerShell\v1.0;C:\Program Files (x86)\Intel\Intel(R) Management Engine Components\DAL;C:\Program Files\Intel\Intel(R) Management Engine Components\DAL;C:\Program Files (x86)\Intel\Intel(R) Management Engine Components\IPT;C:\Program Files\Intel\Intel(R) Management Engine Components\IPT;C:\Program Files\Intel\WiFi\bin;C:\Program Files\Common Files\Intel\WirelessCommon;C:\Program Files (x86)\NVIDIA Corporation\PhysX\Common;C:\Program Files\Git\cmd;E:\phpStudy\php70n;C:\ProgramData\ComposerSetup\bin;E:\Program Files\nodejs;E:\Program Files\Python\Python35\Scripts;E:\Program Files\Python\Python35;C:\Users\Admin\AppData\Local\Microsoft\WindowsApps;C:\Program Files\Intel\WiFi\bin;C:\Program Files\Common Files\Intel\WirelessCommon;C:\Users\Admin\AppData\Roaming\Composer\vendor\bin;C:\Users\Admin\AppData\Roaming\npm;C:\Program Files\Git\usr\bin\vendor_perl;C:\Program Files\Git\usr\bin\core_perl
10 verbose lifecycle vue-loader-demo@1.0.0~dev: CWD: E:\phpStudy\WWW\vuelearn\20171022\vue-loader01
11 silly lifecycle vue-loader-demo@1.0.0~dev: Args: [ '/d /s /c', 'webpack-dev-server --inline --hot --port 8083' ]
12 silly lifecycle vue-loader-demo@1.0.0~dev: Returned: code: 1  signal: null
13 info lifecycle vue-loader-demo@1.0.0~dev: Failed to exec dev script
14 verbose stack Error: vue-loader-demo@1.0.0 dev: `webpack-dev-server --inline --hot --port 8083`
14 verbose stack Exit status 1
14 verbose stack     at EventEmitter.<anonymous> (E:\Program Files\nodejs\node_modules\npm\lib\utils\lifecycle.js:239:16)
14 verbose stack     at emitTwo (events.js:106:13)
14 verbose stack     at EventEmitter.emit (events.js:191:7)
14 verbose stack     at ChildProcess.<anonymous> (E:\Program Files\nodejs\node_modules\npm\lib\utils\spawn.js:24:14)
14 verbose stack     at emitTwo (events.js:106:13)
14 verbose stack     at ChildProcess.emit (events.js:191:7)
14 verbose stack     at maybeClose (internal/child_process.js:850:16)
14 verbose stack     at Process.ChildProcess._handle.onexit (internal/child_process.js:215:5)
15 verbose pkgid vue-loader-demo@1.0.0
16 verbose cwd E:\phpStudy\WWW\vuelearn\20171022\vue-loader01
17 error Windows_NT 10.0.15063
18 error argv "E:\\Program Files\\nodejs\\node.exe" "E:\\Program Files\\nodejs\\node_modules\\npm\\bin\\npm-cli.js" "run" "dev"
19 error node v6.1.0
20 error npm  v3.8.6
21 error code ELIFECYCLE
22 error vue-loader-demo@1.0.0 dev: `webpack-dev-server --inline --hot --port 8083`
22 error Exit status 1
23 error Failed at the vue-loader-demo@1.0.0 dev script 'webpack-dev-server --inline --hot --port 8083'.
23 error Make sure you have the latest version of node.js and npm installed.
23 error If you do, this is most likely a problem with the vue-loader-demo package,
23 error not with npm itself.
23 error Tell the author that this fails on your system:
23 error     webpack-dev-server --inline --hot --port 8083
23 error You can get information on how to open an issue for this project with:
23 error     npm bugs vue-loader-demo
23 error Or if that isn't available, you can get their info via:
23 error     npm owner ls vue-loader-demo
23 error There is likely additional logging output above.
24 verbose exit [ 1, true ]
